get_ms_scriptGH_rar_zip.py
ms_to_delphiGH.py
/usr/lib64/python3.6/site-packages/pandas/core/frame.py:4133: SettingWithCopyWarning: 
A value is trying to be set on a copy of a slice from a DataFrame

See the caveats in the documentation: https://pandas.pydata.org/pandas-docs/stable/user_guide/indexing.html#returning-a-view-versus-a-copy
  errors=errors,
/home/boselli/Marco/prog/epidemia/delphi_br/ms_to_delphiGH.py:48: SettingWithCopyWarning: 
A value is trying to be set on a copy of a slice from a DataFrame.
Try using .loc[row_indexer,col_indexer] = value instead

See the caveats in the documentation: https://pandas.pydata.org/pandas-docs/stable/user_guide/indexing.html#returning-a-view-versus-a-copy
  df_country['Country'] = 'Brasil'
/usr/lib64/python3.6/site-packages/pandas/core/frame.py:4133: SettingWithCopyWarning: 
A value is trying to be set on a copy of a slice from a DataFrame

See the caveats in the documentation: https://pandas.pydata.org/pandas-docs/stable/user_guide/indexing.html#returning-a-view-versus-a-copy
  errors=errors,
/home/boselli/Marco/prog/epidemia/delphi_br/data/processed/Cases_Brasil_RO_Estado.csv
/home/boselli/Marco/prog/epidemia/delphi_br/data/processed/Cases_Brasil_AC_Estado.csv
/home/boselli/Marco/prog/epidemia/delphi_br/data/processed/Cases_Brasil_AM_Estado.csv
/home/boselli/Marco/prog/epidemia/delphi_br/data/processed/Cases_Brasil_RR_Estado.csv
/home/boselli/Marco/prog/epidemia/delphi_br/data/processed/Cases_Brasil_PA_Estado.csv
/home/boselli/Marco/prog/epidemia/delphi_br/data/processed/Cases_Brasil_AP_Estado.csv
/home/boselli/Marco/prog/epidemia/delphi_br/data/processed/Cases_Brasil_TO_Estado.csv
/home/boselli/Marco/prog/epidemia/delphi_br/data/processed/Cases_Brasil_MA_Estado.csv
/home/boselli/Marco/prog/epidemia/delphi_br/data/processed/Cases_Brasil_PI_Estado.csv
/home/boselli/Marco/prog/epidemia/delphi_br/data/processed/Cases_Brasil_CE_Estado.csv
/home/boselli/Marco/prog/epidemia/delphi_br/data/processed/Cases_Brasil_RN_Estado.csv
/home/boselli/Marco/prog/epidemia/delphi_br/data/processed/Cases_Brasil_PB_Estado.csv
/home/boselli/Marco/prog/epidemia/delphi_br/data/processed/Cases_Brasil_PE_Estado.csv
/home/boselli/Marco/prog/epidemia/delphi_br/data/processed/Cases_Brasil_AL_Estado.csv
/home/boselli/Marco/prog/epidemia/delphi_br/data/processed/Cases_Brasil_SE_Estado.csv
/home/boselli/Marco/prog/epidemia/delphi_br/data/processed/Cases_Brasil_BA_Estado.csv
/home/boselli/Marco/prog/epidemia/delphi_br/data/processed/Cases_Brasil_MG_Estado.csv
/home/boselli/Marco/prog/epidemia/delphi_br/data/processed/Cases_Brasil_ES_Estado.csv
/home/boselli/Marco/prog/epidemia/delphi_br/data/processed/Cases_Brasil_RJ_Estado.csv
/home/boselli/Marco/prog/epidemia/delphi_br/data/processed/Cases_Brasil_SP_Estado.csv
/home/boselli/Marco/prog/epidemia/delphi_br/data/processed/Cases_Brasil_PR_Estado.csv
/home/boselli/Marco/prog/epidemia/delphi_br/data/processed/Cases_Brasil_SC_Estado.csv
/home/boselli/Marco/prog/epidemia/delphi_br/data/processed/Cases_Brasil_RS_Estado.csv
/home/boselli/Marco/prog/epidemia/delphi_br/data/processed/Cases_Brasil_MS_Estado.csv
/home/boselli/Marco/prog/epidemia/delphi_br/data/processed/Cases_Brasil_MT_Estado.csv
/home/boselli/Marco/prog/epidemia/delphi_br/data/processed/Cases_Brasil_GO_Estado.csv
/home/boselli/Marco/prog/epidemia/delphi_br/data/processed/Cases_Brasil_DF_Estado.csv
/home/boselli/Marco/prog/epidemia/delphi_br/data/processed/Cases_Brasil_CE_Fortaleza.csv
/home/boselli/Marco/prog/epidemia/delphi_br/data/processed/Cases_Brasil_MA_São_Luís.csv
/home/boselli/Marco/prog/epidemia/delphi_br/data/processed/Cases_Brasil_BA_Salvador.csv
/home/boselli/Marco/prog/epidemia/delphi_br/data/processed/Cases_Brasil_RN_Natal.csv
/home/boselli/Marco/prog/epidemia/delphi_br/data/processed/Cases_Brasil_PI_Teresina.csv
/home/boselli/Marco/prog/epidemia/delphi_br/data/processed/Cases_Brasil_PB_João_Pessoa.csv
/home/boselli/Marco/prog/epidemia/delphi_br/data/processed/Cases_Brasil_PE_Recife.csv
/home/boselli/Marco/prog/epidemia/delphi_br/data/processed/Cases_Brasil_AL_Maceió.csv
/home/boselli/Marco/prog/epidemia/delphi_br/data/processed/Cases_Brasil_SE_Aracaju.csv
DELPHI_model
/home/boselli/Marco/prog/epidemia/delphi_br/data/processed/Cases_Brasil_RO_Estado.csv
7847310583874.889
[ 2.         -2.2372      1.          0.05        0.02109859  0.1
  0.1       ]
Bad fitting for Estado RO:  31.09
=======
/home/boselli/Marco/prog/epidemia/delphi_br/data/processed/Cases_Brasil_AC_Estado.csv
9169725326913.201
[ 2.         -5.05603786  1.          0.05        0.02274996  0.1
  0.1       ]
=======
/home/boselli/Marco/prog/epidemia/delphi_br/data/processed/Cases_Brasil_AM_Estado.csv
51351012024034.93
[ 2.         -0.21896526  1.          0.05        0.03002973  0.1
  0.1       ]
Bad fitting for Estado AM:  29.83
=======
/home/boselli/Marco/prog/epidemia/delphi_br/data/processed/Cases_Brasil_RR_Estado.csv
57481790647383.06
[ 2.         -0.86619886  1.          0.05        0.01311044  0.1
  0.1       ]
Bad fitting for Estado RR:  45.81
=======
/home/boselli/Marco/prog/epidemia/delphi_br/data/processed/Cases_Brasil_PA_Estado.csv
112680781556951.33
[2.         1.6854474  1.         0.5        0.02805829 0.1
 0.1       ]
=======
/home/boselli/Marco/prog/epidemia/delphi_br/data/processed/Cases_Brasil_AP_Estado.csv
116215775047847.95
[ 2.         -2.41533421  1.          0.05        0.01493408  0.1
  0.1       ]
Bad fitting for Estado AP:  25.87
=======
/home/boselli/Marco/prog/epidemia/delphi_br/data/processed/Cases_Brasil_TO_Estado.csv
124979631852226.52
[ 2.         -2.22376931  1.          0.05        0.01506841  0.1
  0.1       ]
Bad fitting for Estado TO:  43.43
=======
/home/boselli/Marco/prog/epidemia/delphi_br/data/processed/Cases_Brasil_MA_Estado.csv
178191462817269.72
[2.         7.05889603 1.         0.05       0.02388217 0.1
 0.1       ]
Bad fitting for Estado MA:  45.72
=======
/home/boselli/Marco/prog/epidemia/delphi_br/data/processed/Cases_Brasil_PI_Estado.csv
213874075147378.72
[2.         5.00818353 1.         0.05       0.02308603 0.1
 0.1       ]
Bad fitting for Estado PI:  67.20
=======
/home/boselli/Marco/prog/epidemia/delphi_br/data/processed/Cases_Brasil_CE_Estado.csv
388648638950401.0
[2.         3.87122614 1.         0.05       0.03729013 0.1
 0.1       ]
Bad fitting for Estado CE:  45.40
=======
/home/boselli/Marco/prog/epidemia/delphi_br/data/processed/Cases_Brasil_RN_Estado.csv
409934592283788.2
[2.         0.46395965 1.         0.05       0.03274246 0.1
 0.1       ]
Bad fitting for Estado RN:  67.00
=======
/home/boselli/Marco/prog/epidemia/delphi_br/data/processed/Cases_Brasil_PB_Estado.csv
448729355257258.25
[ 2.         10.          1.          0.05        0.02470034  0.1
  0.13586602]
Bad fitting for Estado PB:  52.84
=======
/home/boselli/Marco/prog/epidemia/delphi_br/data/processed/Cases_Brasil_PE_Estado.csv
515004307286730.56
[2.         4.79046333 1.         0.05       0.05610215 0.1
 0.1       ]
Bad fitting for Estado PE:  34.94
=======
/home/boselli/Marco/prog/epidemia/delphi_br/data/processed/Cases_Brasil_AL_Estado.csv
521223791631789.06
[2.         1.77223793 1.         0.05       0.02569196 0.1
 0.1       ]
Bad fitting for Estado AL:  25.86
=======
/home/boselli/Marco/prog/epidemia/delphi_br/data/processed/Cases_Brasil_SE_Estado.csv
532303527354370.75
[2.         3.92315464 1.         0.05       0.02664994 0.1
 0.1       ]
Bad fitting for Estado SE:  34.76
=======
/home/boselli/Marco/prog/epidemia/delphi_br/data/processed/Cases_Brasil_BA_Estado.csv
1154315308823565.0
[2.         5.81163269 1.         0.05       0.02219134 0.1
 0.1       ]
Bad fitting for Estado BA:  155.72
=======
/home/boselli/Marco/prog/epidemia/delphi_br/data/processed/Cases_Brasil_MG_Estado.csv
3389438568943107.0
[ 2.         10.          1.          0.05        0.05315921 10.
 10.        ]
Bad fitting for Estado MG:  1242.82
=======
/home/boselli/Marco/prog/epidemia/delphi_br/data/processed/Cases_Brasil_ES_Estado.csv
3488913579182591.0
[ 2.         -0.32654736  1.          0.05        0.02555871  0.1
  0.1       ]
Bad fitting for Estado ES:  48.17
=======
/home/boselli/Marco/prog/epidemia/delphi_br/data/processed/Cases_Brasil_RJ_Estado.csv
3784290483919279.0
[2.         1.45418872 1.         0.05       0.06983421 0.1
 0.1       ]
Bad fitting for Estado RJ:  41.17
=======
/home/boselli/Marco/prog/epidemia/delphi_br/data/processed/Cases_Brasil_SP_Estado.csv
8030189868934663.0
[2.         4.41000652 1.         0.05       0.03729048 0.1
 0.1       ]
Bad fitting for Estado SP:  64.86
=======
/home/boselli/Marco/prog/epidemia/delphi_br/data/processed/Cases_Brasil_PR_Estado.csv
8477647963929771.0
[2.         0.41085014 1.         0.05       0.02386039 0.1
 0.1       ]
Bad fitting for Estado PR:  220.60
=======
/home/boselli/Marco/prog/epidemia/delphi_br/data/processed/Cases_Brasil_SC_Estado.csv
9211903460319328.0
[2.         1.51625888 1.         0.05       0.01222236 0.1
 0.1       ]
Bad fitting for Estado SC:  217.70
=======
/home/boselli/Marco/prog/epidemia/delphi_br/data/processed/Cases_Brasil_RS_Estado.csv
9801936861435344.0
[2.         0.31810256 1.         0.05       0.02371905 0.1
 0.1       ]
Bad fitting for Estado RS:  196.77
=======
/home/boselli/Marco/prog/epidemia/delphi_br/data/processed/Cases_Brasil_MS_Estado.csv
9889339560015928.0
[ 2.         10.          1.          0.05        0.03040756 10.
 10.        ]
Bad fitting for Estado MS:  1240.17
=======
/home/boselli/Marco/prog/epidemia/delphi_br/data/processed/Cases_Brasil_MT_Estado.csv
9948786825889092.0
[ 2.         -0.44361573  1.          0.05        0.02864744  0.1
  0.1       ]
Bad fitting for Estado MT:  152.34
=======
/home/boselli/Marco/prog/epidemia/delphi_br/data/processed/Cases_Brasil_GO_Estado.csv
1.0197829498411636e+16
[2.         1.21819445 1.         0.05       0.02415777 0.1
 0.1       ]
Bad fitting for Estado GO:  195.09
=======
/home/boselli/Marco/prog/epidemia/delphi_br/data/processed/Cases_Brasil_DF_Estado.csv
1.0346381135439186e+16
[2.         1.19554659 1.         0.05       0.01779993 0.1
 0.1       ]
Bad fitting for Estado DF:  194.57
=======
/home/boselli/Marco/prog/epidemia/delphi_br/data/processed/Cases_Brasil_CE_Fortaleza.csv
1.0352412334868596e+16
[ 2.         -8.1499949   1.          0.5         0.06793358  0.1
  0.1       ]
=======
/home/boselli/Marco/prog/epidemia/delphi_br/data/processed/Cases_Brasil_MA_São_Luís.csv
1.035277982624418e+16
[ 2.         -8.22782076  1.          0.49999981  0.05548168  0.1
  0.1       ]
=======
/home/boselli/Marco/prog/epidemia/delphi_br/data/processed/Cases_Brasil_BA_Salvador.csv
1.0365246085391524e+16
[ 2.         -2.15205767  1.          0.05        0.03256577  0.1
  0.1       ]
Bad fitting for Salvador BA:  37.21
=======
/home/boselli/Marco/prog/epidemia/delphi_br/data/processed/Cases_Brasil_RN_Natal.csv
1.0366158925794156e+16
[ 2.        -6.6672073  1.         0.05       0.0409338  0.1
  0.1      ]
Bad fitting for Natal RN:  36.56
=======
/home/boselli/Marco/prog/epidemia/delphi_br/data/processed/Cases_Brasil_PI_Teresina.csv
1.0369215130064894e+16
[ 2.         -4.1955859   1.          0.05        0.03067898  0.1
  0.1       ]
Bad fitting for Teresina PI:  35.50
=======
/home/boselli/Marco/prog/epidemia/delphi_br/data/processed/Cases_Brasil_PB_João_Pessoa.csv
1.0370385625404232e+16
[ 2.         -1.73981766  1.          0.05        0.03080688  0.1
  0.1       ]
=======
/home/boselli/Marco/prog/epidemia/delphi_br/data/processed/Cases_Brasil_PE_Recife.csv
1.0371907704551578e+16
[ 2.         -3.6697713   1.          0.5         0.06590499  0.1
  0.1       ]
=======
/home/boselli/Marco/prog/epidemia/delphi_br/data/processed/Cases_Brasil_AL_Maceió.csv
1.0372265167224132e+16
[ 2.         -4.92510186  1.          0.5         0.03277271  0.1
  0.1       ]
=======
/home/boselli/Marco/prog/epidemia/delphi_br/data/processed/Cases_Brasil_SE_Aracaju.csv
1.0373904572604914e+16
[ 2.         -3.24554992  1.          0.05        0.02034798  0.1
  0.1       ]
=======
/home/boselli/Marco/prog/epidemia/delphi_br/data/processed/Cases_Brasil_MG_Uberlândia.csv
1.0373906687032972e+16
[ 2.         -7.88652834  1.          0.06657895  0.02144622  0.1
  0.1       ]
=======
/home/boselli/Marco/prog/epidemia/delphi_br/data/processed/Cases_Brasil_MS_Dourados.csv
1.0373906689114898e+16
[0.85254726 9.99998454 1.35683696 0.05       0.01038663 0.10000148
 0.58836924]/home/boselli/.local/lib/python3.6/site-packages/scipy/optimize/_hessian_update_strategy.py:187: UserWarning: delta_grad == 0.0. Check if the approximated function is linear. If the function is linear better results can be obtained by defining the Hessian as zero instead of using quasi-Newton approximations.
  'approximations.', UserWarning)
/home/boselli/.local/lib/python3.6/site-packages/scipy/optimize/_hessian_update_strategy.py:187: UserWarning: delta_grad == 0.0. Check if the approximated function is linear. If the function is linear better results can be obtained by defining the Hessian as zero instead of using quasi-Newton approximations.
  'approximations.', UserWarning)
/home/boselli/.local/lib/python3.6/site-packages/scipy/optimize/_hessian_update_strategy.py:187: UserWarning: delta_grad == 0.0. Check if the approximated function is linear. If the function is linear better results can be obtained by defining the Hessian as zero instead of using quasi-Newton approximations.
  'approximations.', UserWarning)
/home/boselli/.local/lib/python3.6/site-packages/scipy/optimize/_hessian_update_strategy.py:187: UserWarning: delta_grad == 0.0. Check if the approximated function is linear. If the function is linear better results can be obtained by defining the Hessian as zero instead of using quasi-Newton approximations.
  'approximations.', UserWarning)

=======
Tempo de execussão: 1:04:11.385430
Rodou o DELPHI
DELPHI Update 01-06-2021 03:05:13
